Running on: a-a100-q-5
Traceback (most recent call last):
  File "<frozen runpy>", line 198, in _run_module_as_main
  File "<frozen runpy>", line 88, in _run_code
  File "/home/e12229987/synthetic-cover-text-generator/src/generate_synthetic_cover_text.py", line 286, in <module>
    main()
    ~~~~^^
  File "/home/e12229987/synthetic-cover-text-generator/src/generate_synthetic_cover_text.py", line 230, in main
    model, tokenizer = load_model(
                       ~~~~~~~~~~^
        model_dir=model_dir,
        ^^^^^^^^^^^^^^^^^^^^
        max_seq_length=args.max_seq_length,
        ^^^^^^^^^^^^^^^^^^^^^^^^^^^^^^^^^^^
        load_in_4bit=args.load_in_4bit,
        ^^^^^^^^^^^^^^^^^^^^^^^^^^^^^^^
    )
    ^
  File "/home/e12229987/synthetic-cover-text-generator/src/generate_synthetic_cover_text.py", line 25, in load_model
    model, tokenizer = unsloth.FastLanguageModel.from_pretrained(
                       ~~~~~~~~~~~~~~~~~~~~~~~~~~~~~~~~~~~~~~~~~^
        model_name=model_dir,
        ^^^^^^^^^^^^^^^^^^^^^
    ...<2 lines>...
        dtype=dtype,
        ^^^^^^^^^^^^
    )
    ^
  File "/home/e12229987/synthetic-cover-text-generator/.venv/lib/python3.13/site-packages/unsloth/models/loader.py", line 374, in from_pretrained
    new_model_name = get_model_name(
        model_name,
    ...<3 lines>...
        trust_remote_code = trust_remote_code,
    )
  File "/home/e12229987/synthetic-cover-text-generator/.venv/lib/python3.13/site-packages/unsloth/models/loader_utils.py", line 248, in get_model_name
    and model_name.count("/") == 1
        ^^^^^^^^^^^^^^^^
AttributeError: 'PosixPath' object has no attribute 'count'
🦥 Unsloth: Will patch your computer to enable 2x faster free finetuning.
🦥 Unsloth Zoo will now patch everything to make training faster!
Finished.
